Added Component: Designator=C1(Cap,7.5mm,RFI)
Added Component: Designator=C2(Cap, Rad, 5mmLead,12.5mmDia,Pin 2+)
Added Component: Designator=C3(Cap, Rad, 5mmLead,12.5mmDia,Pin 2+)
Added Component: Designator=C4(Cap, 5mm Lead Spaceing, 4mm dai)
Added Component: Designator=C5(Cap, Non-pol,12.5mm)
Added Component: Designator=C6(Cap,7.5mm,RFI)
Added Component: Designator=C7(Cap, SMD, polerized, 5mm spacing)
Added Component: Designator=C8(CAP, 0805, HD)
Added Component: Designator=C9(CAP, 0805, HD)
Added Component: Designator=C10(CAP, 0805, HD)
Added Component: Designator=C11(CAP, 0805, HD)
Added Component: Designator=C12(CAP, 0805, HD)
Added Component: Designator=C13(CAP, 0805, HD)
Added Component: Designator=C14(CAP, 0805, HD)
Added Component: Designator=C15(CAP, 0805, HD)
Added Component: Designator=C16(Cap, SMD, polerized, 5mm spacing)
Added Component: Designator=C17(CAP, 0805, HD)
Added Component: Designator=C18(CAP, 0805, HD)
Added Component: Designator=C19(CAP, 0805, HD)
Added Component: Designator=C20(CAP, 0805, HD)
Added Component: Designator=C21(CAP, 0805, HD)
Added Component: Designator=C22(Cap, SMD, polerized, 5mm spacing)
Added Component: Designator=C23(CAP, 0805, HD)
Added Component: Designator=C24(CAP, 0805, HD)
Added Component: Designator=C25(Cap, SMD, polerized, 5mm spacing)
Added Component: Designator=C26(CAP, 0805, HD)
Added Component: Designator=CM1(Common mode,8mm,13mm)
Added Component: Designator=D1(Micro-DIP, 4-Leads)
Added Component: Designator=D2(DO-214AC, SMA)
Added Component: Designator=D3(DO-214AC, SMA)
Added Component: Designator=D4(SOD123)
Added Component: Designator=D5(DO-214AC, SMA)
Added Component: Designator=D6(SOD123)
Added Component: Designator=D7(SOT23-3)
Added Component: Designator=D8(SOD123)
Added Component: Designator=D9(DO-214AC, SMA)
Added Component: Designator=D10(SOD123)
Added Component: Designator=Earth1(Quick connect terminal)
Added Component: Designator=F1(Fuse chip, SMD,9.4mm)
Added Component: Designator=F2(Fuse chip, SMD,9.4mm)
Added Component: Designator=J1(Conn, wire to pcb terminal,282841-8)
Added Component: Designator=L1(Inductor,1040, ASPIAIG-F1040-3R9M-T)
Added Component: Designator=Line1(Quick connect terminal)
Added Component: Designator=M1(Standoff,Hex,M3,8mm)
Added Component: Designator=M2(Standoff,Hex,M3,8mm)
Added Component: Designator=M3(Standoff,Hex,M3,8mm)
Added Component: Designator=M4(Standoff,Hex,M3,8mm)
Added Component: Designator=Neutral1(Quick connect terminal)
Added Component: Designator=R1(MOV, 5mm spacing)
Added Component: Designator=R2(MOV, 5mm spacing)
Added Component: Designator=R3(Res,1210)
Added Component: Designator=R4(MOV, 5mm spacing)
Added Component: Designator=R5(Resistor,2010,1W)
Added Component: Designator=R6(res, 0805, HD)
Added Component: Designator=R7(res, 0805, HD)
Added Component: Designator=R8(res, 0805, HD)
Added Component: Designator=R9(res, 0805, HD)
Added Component: Designator=R10(res, 0805, HD)
Added Component: Designator=R11(res, 0805, HD)
Added Component: Designator=R12(res, 0805, HD)
Added Component: Designator=R13(res, 0805, HD)
Added Component: Designator=R14(res, 0805, HD)
Added Component: Designator=R15(res, 0805, HD)
Added Component: Designator=R16(res, 0805, HD)
Added Component: Designator=R17(res, 0805, HD)
Added Component: Designator=R18(Res,1210)
Added Component: Designator=R19(Res,1210)
Added Component: Designator=R20(Res,1210)
Added Component: Designator=R21(res, 0805, HD)
Added Component: Designator=T1(Transformer EE20, 10 Pos)
Added Component: Designator=TP1(Test Point, Keystone 5014)
Added Component: Designator=TP2(ScopeProbe_TP-Tektronix)
Added Component: Designator=TP3(ScopeProbe_TP-Tektronix)
Added Component: Designator=TP4(ScopeProbe_TP-Tektronix)
Added Component: Designator=TP5(ScopeProbe_TP-Tektronix)
Added Component: Designator=TP6(ScopeProbe_TP-Tektronix)
Added Component: Designator=TP7(Test Point, Keystone 5014)
Added Component: Designator=TP8(Test Point, Keystone 5014)
Added Component: Designator=TP9(Test Point, Keystone 5014)
Added Component: Designator=TP10(Test Point, Keystone 5014)
Added Component: Designator=TP11(Test Point, Keystone 5014)
Added Component: Designator=TP12(Test Point, Keystone 5014)
Added Component: Designator=TP13(Test Point, Keystone 5014)
Added Component: Designator=TP14(ScopeProbe_TP-Tektronix)
Added Component: Designator=TP15(Test Point, Keystone 5014)
Added Component: Designator=TP16(ScopeProbe_TP-Tektronix)
Added Component: Designator=TP17(Test Point, Keystone 5014)
Added Component: Designator=TP18(Test Point, Keystone 5014)
Added Component: Designator=U1(SOIC-8 PowerPad(pin4))
Added Component: Designator=U2(SOP, 16-Leads)
Added Component: Designator=U3(SSOP, 4-Leads)
Added Component: Designator=U4(SOT23-3)
Added Pin To Net: NetName=GND Pin=C1-1
Added Pin To Net: NetName=NetC1_2 Pin=C1-2
Added Pin To Net: NetName=GND_P Pin=C2-1
Added Pin To Net: NetName=V_BUS Pin=C2-2
Added Pin To Net: NetName=GND_P Pin=C3-1
Added Pin To Net: NetName=V_BUS Pin=C3-2
Added Pin To Net: NetName=NetC4_1 Pin=C4-1
Added Pin To Net: NetName=V_BUS Pin=C4-2
Added Pin To Net: NetName=NetC5_1 Pin=C5-1
Added Pin To Net: NetName=NetC1_2 Pin=C5-2
Added Pin To Net: NetName=NetC5_1 Pin=C6-1
Added Pin To Net: NetName=GND Pin=C6-2
Added Pin To Net: NetName=12V_A Pin=C7-1
Added Pin To Net: NetName=12VA_GND Pin=C7-2
Added Pin To Net: NetName=12VA_GND Pin=C8-1
Added Pin To Net: NetName=12V_A Pin=C8-2
Added Pin To Net: NetName=NetC9_1 Pin=C9-1
Added Pin To Net: NetName=NetC9_2 Pin=C9-2
Added Pin To Net: NetName=5V_A Pin=C10-1
Added Pin To Net: NetName=12VA_GND Pin=C10-2
Added Pin To Net: NetName=5V_A Pin=C11-1
Added Pin To Net: NetName=12VA_GND Pin=C11-2
Added Pin To Net: NetName=12VA_GND Pin=C12-1
Added Pin To Net: NetName=5V_A Pin=C12-2
Added Pin To Net: NetName=12VA_GND Pin=C13-1
Added Pin To Net: NetName=12V_A Pin=C13-2
Added Pin To Net: NetName=12VA_GND Pin=C14-1
Added Pin To Net: NetName=NetC14_2 Pin=C14-2
Added Pin To Net: NetName=12VA_GND Pin=C15-1
Added Pin To Net: NetName=NetC15_2 Pin=C15-2
Added Pin To Net: NetName=12V_B Pin=C16-1
Added Pin To Net: NetName=12VB_GND Pin=C16-2
Added Pin To Net: NetName=12VB_GND Pin=C17-1
Added Pin To Net: NetName=12V_B Pin=C17-2
Added Pin To Net: NetName=NetC18_1 Pin=C18-1
Added Pin To Net: NetName=NetC18_2 Pin=C18-2
Added Pin To Net: NetName=GND_P Pin=C19-1
Added Pin To Net: NetName=NetC19_2 Pin=C19-2
Added Pin To Net: NetName=GND_P Pin=C20-1
Added Pin To Net: NetName=NetC20_2 Pin=C20-2
Added Pin To Net: NetName=NetC18_2 Pin=C21-1
Added Pin To Net: NetName=V_AUX Pin=C22-1
Added Pin To Net: NetName=GND_P Pin=C22-2
Added Pin To Net: NetName=GND_P Pin=C23-1
Added Pin To Net: NetName=V_AUX Pin=C23-2
Added Pin To Net: NetName=GND_P Pin=C24-1
Added Pin To Net: NetName=V_AUX Pin=C24-2
Added Pin To Net: NetName=12V_C Pin=C25-1
Added Pin To Net: NetName=12VC_GND Pin=C25-2
Added Pin To Net: NetName=12VC_GND Pin=C26-1
Added Pin To Net: NetName=12V_C Pin=C26-2
Added Pin To Net: NetName=NetC1_2 Pin=CM1-1
Added Pin To Net: NetName=NetCM1_2 Pin=CM1-2
Added Pin To Net: NetName=NetC5_1 Pin=CM1-3
Added Pin To Net: NetName=NetCM1_4 Pin=CM1-4
Added Pin To Net: NetName=V_BUS Pin=D1-1
Added Pin To Net: NetName=GND_P Pin=D1-2
Added Pin To Net: NetName=NetCM1_2 Pin=D1-3
Added Pin To Net: NetName=NetCM1_4 Pin=D1-4
Added Pin To Net: NetName=12V_A Pin=D2-1
Added Pin To Net: NetName=NetD2_2 Pin=D2-2
Added Pin To Net: NetName=NetD3_1 Pin=D3-1
Added Pin To Net: NetName=NetD3_2 Pin=D3-2
Added Pin To Net: NetName=12V_A Pin=D4-1
Added Pin To Net: NetName=12VA_GND Pin=D4-2
Added Pin To Net: NetName=12V_B Pin=D5-1
Added Pin To Net: NetName=NetD5_2 Pin=D5-2
Added Pin To Net: NetName=12V_B Pin=D6-1
Added Pin To Net: NetName=12VB_GND Pin=D6-2
Added Pin To Net: NetName=NetD7_1 Pin=D7-1
Added Pin To Net: NetName=NetD7_3 Pin=D7-3
Added Pin To Net: NetName=V_AUX Pin=D8-1
Added Pin To Net: NetName=GND_P Pin=D8-2
Added Pin To Net: NetName=12V_C Pin=D9-1
Added Pin To Net: NetName=NetD9_2 Pin=D9-2
Added Pin To Net: NetName=12V_C Pin=D10-1
Added Pin To Net: NetName=12VC_GND Pin=D10-2
Added Pin To Net: NetName=GND Pin=Earth1-1
Added Pin To Net: NetName=GND Pin=Earth1-1
Added Pin To Net: NetName=NetF1_1 Pin=F1-1
Added Pin To Net: NetName=NetC1_2 Pin=F1-2
Added Pin To Net: NetName=NetF2_1 Pin=F2-1
Added Pin To Net: NetName=NetC5_1 Pin=F2-2
Added Pin To Net: NetName=15VA_GND Pin=J1-1
Added Pin To Net: NetName=5V_A Pin=J1-2
Added Pin To Net: NetName=15VA_GND Pin=J1-3
Added Pin To Net: NetName=15V_A Pin=J1-4
Added Pin To Net: NetName=15VB_GND Pin=J1-5
Added Pin To Net: NetName=15V_B Pin=J1-6
Added Pin To Net: NetName=15VC_GND Pin=J1-7
Added Pin To Net: NetName=15V_C Pin=J1-8
Added Pin To Net: NetName=NetC9_1 Pin=L1-1
Added Pin To Net: NetName=5V_A Pin=L1-2
Added Pin To Net: NetName=NetF1_1 Pin=Line1-1
Added Pin To Net: NetName=NetF1_1 Pin=Line1-1
Added Pin To Net: NetName=GND Pin=M1-0
Added Pin To Net: NetName=GND Pin=M2-0
Added Pin To Net: NetName=GND Pin=M3-0
Added Pin To Net: NetName=GND Pin=M4-0
Added Pin To Net: NetName=NetF2_1 Pin=Neutral1-1
Added Pin To Net: NetName=NetF2_1 Pin=Neutral1-1
Added Pin To Net: NetName=GND Pin=R1-1
Added Pin To Net: NetName=NetC1_2 Pin=R1-2
Added Pin To Net: NetName=NetC5_1 Pin=R2-1
Added Pin To Net: NetName=NetC1_2 Pin=R2-2
Added Pin To Net: NetName=NetC4_1 Pin=R3-1
Added Pin To Net: NetName=V_BUS Pin=R3-2
Added Pin To Net: NetName=NetC5_1 Pin=R4-1
Added Pin To Net: NetName=GND Pin=R4-2
Added Pin To Net: NetName=NetD3_2 Pin=R5-1
Added Pin To Net: NetName=NetC4_1 Pin=R5-2
Added Pin To Net: NetName=NetR6_1 Pin=R6-1
Added Pin To Net: NetName=5V_A Pin=R6-2
Added Pin To Net: NetName=NetR6_1 Pin=R7-1
Added Pin To Net: NetName=NetR7_2 Pin=R7-2
Added Pin To Net: NetName=NetR7_2 Pin=R8-1
Added Pin To Net: NetName=12VA_GND Pin=R8-2
Added Pin To Net: NetName=NetR9_1 Pin=R9-1
Added Pin To Net: NetName=12V_A Pin=R9-2
Added Pin To Net: NetName=NetR10_1 Pin=R10-1
Added Pin To Net: NetName=12V_A Pin=R10-2
Added Pin To Net: NetName=NetC18_1 Pin=R11-1
Added Pin To Net: NetName=12V_A Pin=R11-2
Added Pin To Net: NetName=NetC19_2 Pin=R12-1
Added Pin To Net: NetName=NetD7_1 Pin=R12-2
Added Pin To Net: NetName=NetR13_1 Pin=R13-1
Added Pin To Net: NetName=NetR9_1 Pin=R13-2
Added Pin To Net: NetName=GND_P Pin=R14-1
Added Pin To Net: NetName=NetC19_2 Pin=R14-2
Added Pin To Net: NetName=NetC18_2 Pin=R15-1
Added Pin To Net: NetName=NetR13_1 Pin=R15-2
Added Pin To Net: NetName=V_AUX Pin=R16-1
Added Pin To Net: NetName=NetD7_3 Pin=R16-2
Added Pin To Net: NetName=NetC18_1 Pin=R17-2
Added Pin To Net: NetName=GND_P Pin=R18-1
Added Pin To Net: NetName=NetR18_2 Pin=R18-2
Added Pin To Net: NetName=GND_P Pin=R19-1
Added Pin To Net: NetName=NetR18_2 Pin=R19-2
Added Pin To Net: NetName=GND_P Pin=R20-1
Added Pin To Net: NetName=NetR18_2 Pin=R20-2
Added Pin To Net: NetName=12VA_GND Pin=R21-1
Added Pin To Net: NetName=NetC18_2 Pin=R21-2
Added Pin To Net: NetName=V_BUS Pin=T1-1
Added Pin To Net: NetName=NetD3_1 Pin=T1-2
Added Pin To Net: NetName=NetD7_1 Pin=T1-3
Added Pin To Net: NetName=GND_P Pin=T1-4
Added Pin To Net: NetName=12VC_GND Pin=T1-5
Added Pin To Net: NetName=NetD9_2 Pin=T1-6
Added Pin To Net: NetName=12VB_GND Pin=T1-7
Added Pin To Net: NetName=NetD5_2 Pin=T1-8
Added Pin To Net: NetName=12VA_GND Pin=T1-9
Added Pin To Net: NetName=NetD2_2 Pin=T1-10
Added Pin To Net: NetName=12V_A Pin=TP1-1
Added Pin To Net: NetName=GND_P Pin=TP2-1
Added Pin To Net: NetName=NetD3_1 Pin=TP2-2
Added Pin To Net: NetName=12VA_GND Pin=TP3-1
Added Pin To Net: NetName=NetD2_2 Pin=TP3-2
Added Pin To Net: NetName=12VB_GND Pin=TP4-1
Added Pin To Net: NetName=NetD5_2 Pin=TP4-2
Added Pin To Net: NetName=GND_P Pin=TP5-1
Added Pin To Net: NetName=NetD7_1 Pin=TP5-2
Added Pin To Net: NetName=12VC_GND Pin=TP6-1
Added Pin To Net: NetName=NetD9_2 Pin=TP6-2
Added Pin To Net: NetName=12VA_GND Pin=TP7-1
Added Pin To Net: NetName=12V_B Pin=TP8-1
Added Pin To Net: NetName=NetR9_1 Pin=TP9-1
Added Pin To Net: NetName=NetR13_1 Pin=TP10-1
Added Pin To Net: NetName=V_AUX Pin=TP11-1
Added Pin To Net: NetName=12VB_GND Pin=TP12-1
Added Pin To Net: NetName=V_AUX Pin=TP13-1
Added Pin To Net: NetName=GND_P Pin=TP14-1
Added Pin To Net: NetName=NetR18_2 Pin=TP14-2
Added Pin To Net: NetName=12V_C Pin=TP15-1
Added Pin To Net: NetName=GND_P Pin=TP16-1
Added Pin To Net: NetName=V_AUX Pin=TP16-2
Added Pin To Net: NetName=GND_P Pin=TP17-1
Added Pin To Net: NetName=12VC_GND Pin=TP18-1
Added Pin To Net: NetName=NetC9_2 Pin=U1-1
Added Pin To Net: NetName=12V_A Pin=U1-2
Added Pin To Net: NetName=NetC9_1 Pin=U1-3
Added Pin To Net: NetName=12VA_GND Pin=U1-4
Added Pin To Net: NetName=NetR6_1 Pin=U1-5
Added Pin To Net: NetName=NetC14_2 Pin=U1-6
Added Pin To Net: NetName=12V_A Pin=U1-7
Added Pin To Net: NetName=NetC15_2 Pin=U1-8
Added Pin To Net: NetName=12VA_GND Pin=U1-9
Added Pin To Net: NetName=NetC19_2 Pin=U2-1
Added Pin To Net: NetName=NetC20_2 Pin=U2-2
Added Pin To Net: NetName=NetR18_2 Pin=U2-4
Added Pin To Net: NetName=NetD3_1 Pin=U2-5
Added Pin To Net: NetName=NetD3_1 Pin=U2-6
Added Pin To Net: NetName=NetD3_1 Pin=U2-7
Added Pin To Net: NetName=NetD3_1 Pin=U2-8
Added Pin To Net: NetName=V_AUX Pin=U2-11
Added Pin To Net: NetName=GND_P Pin=U2-12
Added Pin To Net: NetName=NetR10_1 Pin=U3-1
Added Pin To Net: NetName=NetC18_1 Pin=U3-2
Added Pin To Net: NetName=GND_P Pin=U3-3
Added Pin To Net: NetName=NetC20_2 Pin=U3-4
Added Pin To Net: NetName=NetC18_1 Pin=U4-1
Added Pin To Net: NetName=NetC18_2 Pin=U4-2
Added Pin To Net: NetName=12VA_GND Pin=U4-3
Added Member To Class: ClassName=Eload Aux Supply Module Rev 2 Member=Component C1 Cap,RFI, through hole,5mm, 1nf,400Vac,5%,C907U102MYVDBA7317
Added Member To Class: ClassName=Eload Aux Supply Module Rev 2 Member=Component C2 Cap,polar,through hole,12.5mm,56uf,250V,20%,UCY2E560MHD1TO
Added Member To Class: ClassName=Eload Aux Supply Module Rev 2 Member=Component C3 Cap,polar,through hole,12.5mm,56uf,250V,20%,UCY2E560MHD1TO
Added Member To Class: ClassName=Eload Aux Supply Module Rev 2 Member=Component C4 10nf
Added Member To Class: ClassName=Eload Aux Supply Module Rev 2 Member=Component C5 Panasonic ECQ-U2A473MLA
Added Member To Class: ClassName=Eload Aux Supply Module Rev 2 Member=Component C6 Cap,RFI, through hole,5mm, 1nf,400Vac,5%,C907U102MYVDBA7317
Added Member To Class: ClassName=Eload Aux Supply Module Rev 2 Member=Component C7 Nichicon UCW1V470MCL1GS
Added Member To Class: ClassName=Eload Aux Supply Module Rev 2 Member=Component C8 AVX 08053C225KAT2A
Added Member To Class: ClassName=Eload Aux Supply Module Rev 2 Member=Component C9 08055C104JAT2A
Added Member To Class: ClassName=Eload Aux Supply Module Rev 2 Member=Component C10 Cap,0805,10uf,6.3V,10%,CL21A106KQFNNNG
Added Member To Class: ClassName=Eload Aux Supply Module Rev 2 Member=Component C11 Cap,0805,10uf,6.3V,10%,CL21A106KQFNNNG
Added Member To Class: ClassName=Eload Aux Supply Module Rev 2 Member=Component C12 AVX 08053C225KAT2A
Added Member To Class: ClassName=Eload Aux Supply Module Rev 2 Member=Component C13 08055C104JAT2A
Added Member To Class: ClassName=Eload Aux Supply Module Rev 2 Member=Component C14 CGA4J2X7R1E474K125AA
Added Member To Class: ClassName=Eload Aux Supply Module Rev 2 Member=Component C15 08055C104JAT2A
Added Member To Class: ClassName=Eload Aux Supply Module Rev 2 Member=Component C16 Nichicon UCW1V470MCL1GS
Added Member To Class: ClassName=Eload Aux Supply Module Rev 2 Member=Component C17 AVX 08053C225KAT2A
Added Member To Class: ClassName=Eload Aux Supply Module Rev 2 Member=Component C18 CC0805KRX7R9BB221
Added Member To Class: ClassName=Eload Aux Supply Module Rev 2 Member=Component C19 Kemet C0805X102J1GACAUTO
Added Member To Class: ClassName=Eload Aux Supply Module Rev 2 Member=Component C20 Kemet C0805X102J1GACAUTO
Added Member To Class: ClassName=Eload Aux Supply Module Rev 2 Member=Component C21 08055C104JAT2A
Added Member To Class: ClassName=Eload Aux Supply Module Rev 2 Member=Component C22 Nichicon UCW1V470MCL1GS
Added Member To Class: ClassName=Eload Aux Supply Module Rev 2 Member=Component C23 AVX 08053C225KAT2A
Added Member To Class: ClassName=Eload Aux Supply Module Rev 2 Member=Component C24 08055C104JAT2A
Added Member To Class: ClassName=Eload Aux Supply Module Rev 2 Member=Component C25 Nichicon UCW1V470MCL1GS
Added Member To Class: ClassName=Eload Aux Supply Module Rev 2 Member=Component C26 AVX 08053C225KAT2A
Added Member To Class: ClassName=Eload Aux Supply Module Rev 2 Member=Component CM1 KEMET SC-03-10G
Added Member To Class: ClassName=Eload Aux Supply Module Rev 2 Member=Component D1 Diode,Bridge, micro-dip,1A,600V, MDB6S
Added Member To Class: ClassName=Eload Aux Supply Module Rev 2 Member=Component D2 NRVTSA4100ET3G
Added Member To Class: ClassName=Eload Aux Supply Module Rev 2 Member=Component D3 Diodes Inc. S1J-13-F
Added Member To Class: ClassName=Eload Aux Supply Module Rev 2 Member=Component D4 MMSZ4705T1G
Added Member To Class: ClassName=Eload Aux Supply Module Rev 2 Member=Component D5 NRVTSA4100ET3G
Added Member To Class: ClassName=Eload Aux Supply Module Rev 2 Member=Component D6 MMSZ4705T1G
Added Member To Class: ClassName=Eload Aux Supply Module Rev 2 Member=Component D7 Diode
Added Member To Class: ClassName=Eload Aux Supply Module Rev 2 Member=Component D8 MMSZ5250BT1G
Added Member To Class: ClassName=Eload Aux Supply Module Rev 2 Member=Component D9 NRVTSA4100ET3G
Added Member To Class: ClassName=Eload Aux Supply Module Rev 2 Member=Component D10 MMSZ4705T1G
Added Member To Class: ClassName=Eload Aux Supply Module Rev 2 Member=Component Earth1 Wire Terminal,Quick connect, through hole, Keystone 1287-ST
Added Member To Class: ClassName=Eload Aux Supply Module Rev 2 Member=Component F1 Littelfuse 0461.500ER
Added Member To Class: ClassName=Eload Aux Supply Module Rev 2 Member=Component F2 Littelfuse 0461.500ER
Added Member To Class: ClassName=Eload Aux Supply Module Rev 2 Member=Component J1 TE Connectivity 282841-8
Added Member To Class: ClassName=Eload Aux Supply Module Rev 2 Member=Component L1 ASPIAIG-F1040-3R9M-T
Added Member To Class: ClassName=Eload Aux Supply Module Rev 2 Member=Component Line1 Wire Terminal,Quick connect, through hole, Keystone 1287-ST
Added Member To Class: ClassName=Eload Aux Supply Module Rev 2 Member=Component M1 M3 hex Standoff
Added Member To Class: ClassName=Eload Aux Supply Module Rev 2 Member=Component M2 M3 hex Standoff
Added Member To Class: ClassName=Eload Aux Supply Module Rev 2 Member=Component M3 M3 hex Standoff
Added Member To Class: ClassName=Eload Aux Supply Module Rev 2 Member=Component M4 M3 hex Standoff
Added Member To Class: ClassName=Eload Aux Supply Module Rev 2 Member=Component Neutral1 Wire Terminal,Quick connect, through hole, Keystone 1287-ST
Added Member To Class: ClassName=Eload Aux Supply Module Rev 2 Member=Component R1 MOV, though hole, 390V, 1.2kA, B72207S0251K101
Added Member To Class: ClassName=Eload Aux Supply Module Rev 2 Member=Component R2 MOV, though hole, 390V, 1.2kA, B72207S0251K101
Added Member To Class: ClassName=Eload Aux Supply Module Rev 2 Member=Component R3 Panasonic ERJ-14NF1003U
Added Member To Class: ClassName=Eload Aux Supply Module Rev 2 Member=Component R4 MOV, though hole, 390V, 1.2kA, B72207S0251K101
Added Member To Class: ClassName=Eload Aux Supply Module Rev 2 Member=Component R5 Bourns CRS2010-JX-100ELF
Added Member To Class: ClassName=Eload Aux Supply Module Rev 2 Member=Component R6 RC0805FR-0722K1L
Added Member To Class: ClassName=Eload Aux Supply Module Rev 2 Member=Component R7 RC0805FR-0722K1L
Added Member To Class: ClassName=Eload Aux Supply Module Rev 2 Member=Component R8 Res,0805,100kO,1%,100ppm,CRCW0805100KFKEA
Added Member To Class: ClassName=Eload Aux Supply Module Rev 2 Member=Component R9 Vishay Dale CRCW08053K32FKEA
Added Member To Class: ClassName=Eload Aux Supply Module Rev 2 Member=Component R10 Vishay Dale CRCW0805681RFKEA
Added Member To Class: ClassName=Eload Aux Supply Module Rev 2 Member=Component R11 Vishay Dale CRCW08053K32FKEA
Added Member To Class: ClassName=Eload Aux Supply Module Rev 2 Member=Component R12 Res,0805,100kO,1%,100ppm,CRCW0805100KFKEA
Added Member To Class: ClassName=Eload Aux Supply Module Rev 2 Member=Component R13 Vishay Dale CRCW08050000Z0EAHP
Added Member To Class: ClassName=Eload Aux Supply Module Rev 2 Member=Component R14 Vishay / Dale CRCW080510K0FKTA
Added Member To Class: ClassName=Eload Aux Supply Module Rev 2 Member=Component R15 Vishay Dale CRCW080536K0FKEA
Added Member To Class: ClassName=Eload Aux Supply Module Rev 2 Member=Component R16 Vishay Dale CRCW08050000Z0EAHP
Added Member To Class: ClassName=Eload Aux Supply Module Rev 2 Member=Component R17 Vishay / Dale CRCW080510K0FKTA
Added Member To Class: ClassName=Eload Aux Supply Module Rev 2 Member=Component R18 RP73D2B10RBTG
Added Member To Class: ClassName=Eload Aux Supply Module Rev 2 Member=Component R19 RP73D2B10RBTG
Added Member To Class: ClassName=Eload Aux Supply Module Rev 2 Member=Component R20 RP73D2B10RBTG
Added Member To Class: ClassName=Eload Aux Supply Module Rev 2 Member=Component R21 Vishay / Dale CRCW080510K0FKTA
Added Member To Class: ClassName=Eload Aux Supply Module Rev 2 Member=Component T1 EE20 Transformer
Added Member To Class: ClassName=Eload Aux Supply Module Rev 2 Member=Component TP1 Keystone 5014
Added Member To Class: ClassName=Eload Aux Supply Module Rev 2 Member=Component TP2 Scope Probe TP
Added Member To Class: ClassName=Eload Aux Supply Module Rev 2 Member=Component TP3 Scope Probe TP
Added Member To Class: ClassName=Eload Aux Supply Module Rev 2 Member=Component TP4 Scope Probe TP
Added Member To Class: ClassName=Eload Aux Supply Module Rev 2 Member=Component TP5 Scope Probe TP
Added Member To Class: ClassName=Eload Aux Supply Module Rev 2 Member=Component TP6 Scope Probe TP
Added Member To Class: ClassName=Eload Aux Supply Module Rev 2 Member=Component TP7 Keystone 5014
Added Member To Class: ClassName=Eload Aux Supply Module Rev 2 Member=Component TP8 Keystone 5014
Added Member To Class: ClassName=Eload Aux Supply Module Rev 2 Member=Component TP9 Keystone 5014
Added Member To Class: ClassName=Eload Aux Supply Module Rev 2 Member=Component TP10 Keystone 5014
Added Member To Class: ClassName=Eload Aux Supply Module Rev 2 Member=Component TP11 Keystone 5014
Added Member To Class: ClassName=Eload Aux Supply Module Rev 2 Member=Component TP12 Keystone 5014
Added Member To Class: ClassName=Eload Aux Supply Module Rev 2 Member=Component TP13 Keystone 5014
Added Member To Class: ClassName=Eload Aux Supply Module Rev 2 Member=Component TP14 Scope Probe TP
Added Member To Class: ClassName=Eload Aux Supply Module Rev 2 Member=Component TP15 Keystone 5014
Added Member To Class: ClassName=Eload Aux Supply Module Rev 2 Member=Component TP16 Scope Probe TP
Added Member To Class: ClassName=Eload Aux Supply Module Rev 2 Member=Component TP17 Keystone 5014
Added Member To Class: ClassName=Eload Aux Supply Module Rev 2 Member=Component TP18 Keystone 5014
Added Member To Class: ClassName=Eload Aux Supply Module Rev 2 Member=Component U1 TPS54239
Added Member To Class: ClassName=Eload Aux Supply Module Rev 2 Member=Component U2 Infineon ICE2QR2280GXUMA1
Added Member To Class: ClassName=Eload Aux Supply Module Rev 2 Member=Component U3 opto,TCMT1109
Added Member To Class: ClassName=Eload Aux Supply Module Rev 2 Member=Component U4 Shunt Regulator,2.5Vdc TL431IDBZT
