Removed Member From Class: ClassName=HV_P Member=NetC?_1
Removed Member From Class: ClassName=Undefined Member=NetC?_1
Removed Member From Class: ClassName=V3_S Member=NetC?_1
Removed Member From Class: ClassName=LV_P Member=NetC?_2
Removed Member From Class: ClassName=Undefined Member=NetC?_2
Removed Member From Class: ClassName=HV_P Member=NetD?_1
Removed Member From Class: ClassName=HV_P Member=NetD?_2
Removed Member From Class: ClassName=LV_P Member=NetD?_3
Removed Member From Class: ClassName=Undefined Member=NetF?_1
Removed Member From Class: ClassName=V3_S Member=NetR?_1
Removed Member From Class: ClassName=LV_P Member=NetR?_2
Added Component: Designator=C1(Cap, SMD, polerized, 5mm spacing)
Added Component: Designator=C2(CAP, 0805, HD)
Added Component: Designator=C3(Cap,7.5mm,RFI)
Added Component: Designator=C4(Cap, Rad, 5mmLead,12.5mmDia,Pin 2+)
Added Component: Designator=C5(Cap, Rad, 5mmLead,12.5mmDia,Pin 2+)
Added Component: Designator=C6(Cap, 5mm Lead Spaceing, 4mm dai)
Added Component: Designator=C7(CAP,RFI,15mm Lead Spaceing)
Added Component: Designator=C8(Cap, 5mm Lead Spaceing, 4mm dai)
Added Component: Designator=C9(Cap,7.5mm,RFI)
Added Component: Designator=C10(Cap, SMD, polerized, 5mm spacing)
Added Component: Designator=C11(CAP, 0805, HD)
Added Component: Designator=C12(Cap, SMD, polerized, 5mm spacing)
Added Component: Designator=C13(CAP, 0805, HD)
Added Component: Designator=C14(CAP, 0805, HD)
Added Component: Designator=C15(CAP, 0805, HD)
Added Component: Designator=C16(CAP, 0805, HD)
Added Component: Designator=C17(CAP, 0805, HD)
Added Component: Designator=C18(Cap, SMD, polerized, 5mm spacing)
Added Component: Designator=C19(CAP, 0805, HD)
Added Component: Designator=C20(CAP, 0805, HD)
Added Component: Designator=CM1(Common mode inductor,TLF9UA102W0R8K1)
Added Component: Designator=D1(DO-214AC, SMA)
Added Component: Designator=D2(SOD123)
Added Component: Designator=D3(Micro-DIP, 4-Leads)
Added Component: Designator=D4(DO-214AC, SMA)
Added Component: Designator=D5(SOD123)
Added Component: Designator=D6(DO-214AC, SMA)
Added Component: Designator=D7(DO-214AC, SMA)
Added Component: Designator=D8(SOD123)
Added Component: Designator=D9(SOT23-3)
Added Component: Designator=D10(SOD123)
Added Component: Designator=F1(Fuse chip, SMD,9.4mm)
Added Component: Designator=J1(Quick connect terminal)
Added Component: Designator=J2(TERM BLOCK 2POS SIDE ENTRY 5MM)
Added Component: Designator=J3(Quick connect terminal)
Added Component: Designator=J4(TERM BLOCK 2POS SIDE ENTRY 5MM)
Added Component: Designator=J5(Quick connect terminal)
Added Component: Designator=J6(TERM BLOCK 2POS SIDE ENTRY 5MM)
Added Component: Designator=M1(Standoff,Hex,M3,8mm)
Added Component: Designator=M2(Standoff,Hex,M3,8mm)
Added Component: Designator=M3(Standoff,Hex,M3,8mm)
Added Component: Designator=M4(Standoff,Hex,M3,8mm)
Added Component: Designator=R1(MOV, 5mm spacing)
Added Component: Designator=R2(MOV, 5mm spacing)
Added Component: Designator=R3(Res,1210)
Added Component: Designator=R4(MOV, 5mm spacing)
Added Component: Designator=R5(Resistor,2010,1W)
Added Component: Designator=R6(res, 0805, HD)
Added Component: Designator=R7(res, 0805, HD)
Added Component: Designator=R8(res, 0805, HD)
Added Component: Designator=R9(res, 0805, HD)
Added Component: Designator=R10(res, 0805, HD)
Added Component: Designator=R11(res, 0805, HD)
Added Component: Designator=R12(res, 0805, HD)
Added Component: Designator=R13(res, 0805, HD)
Added Component: Designator=R14(res, 0805, HD)
Added Component: Designator=R15(Res,1210)
Added Component: Designator=R16(Res,1210)
Added Component: Designator=R17(Res,1210)
Added Component: Designator=R18(res, 0805, HD)
Added Component: Designator=T1(Transformer EE20, 10 Pos)
Added Component: Designator=TP1(Test Point, Keystone 5014)
Added Component: Designator=TP2(Test Point, Keystone 5014)
Added Component: Designator=TP3(Test Point, Keystone 5014)
Added Component: Designator=TP4(Test Point, Keystone 5014)
Added Component: Designator=TP5(ScopeProbe_TP-Tektronix)
Added Component: Designator=TP6(Test Point, Keystone 5014)
Added Component: Designator=TP7(ScopeProbe_TP-Tektronix)
Added Component: Designator=TP8(Test Point, Keystone 5014)
Added Component: Designator=TP9(Test Point, Keystone 5014)
Added Component: Designator=TP10(Test Point, Keystone 5014)
Added Component: Designator=TP11(Test Point, Keystone 5014)
Added Component: Designator=TP12(Test Point, Keystone 5014)
Added Component: Designator=TP13(ScopeProbe_TP-Tektronix)
Added Component: Designator=TP14(ScopeProbe_TP-Tektronix)
Added Component: Designator=TP15(Test Point, Keystone 5014)
Added Component: Designator=U1(SOP, 16-Leads)
Added Component: Designator=U2(SSOP, 4-Leads)
Added Component: Designator=U3(SOT23-3)
Added Pin To Net: NetName=12V_A Pin=C1-1
Added Pin To Net: NetName=12VA_GND Pin=C1-2
Added Pin To Net: NetName=12VA_GND Pin=C2-1
Added Pin To Net: NetName=12V_A Pin=C2-2
Added Pin To Net: NetName=GND Pin=C3-1
Added Pin To Net: NetName=GND_P Pin=C4-1
Added Pin To Net: NetName=V_BUS Pin=C4-2
Added Pin To Net: NetName=GND_P Pin=C5-1
Added Pin To Net: NetName=V_BUS Pin=C5-2
Added Pin To Net: NetName=GND_P Pin=C6-1
Added Pin To Net: NetName=V_BUS Pin=C6-2
Added Pin To Net: NetName=V_BUS Pin=C8-2
Added Pin To Net: NetName=GND Pin=C9-2
Added Pin To Net: NetName=12V_B Pin=C10-1
Added Pin To Net: NetName=12VB_GND Pin=C10-2
Added Pin To Net: NetName=12VB_GND Pin=C11-1
Added Pin To Net: NetName=12V_B Pin=C11-2
Added Pin To Net: NetName=12V_C Pin=C12-1
Added Pin To Net: NetName=12VC_GND Pin=C12-2
Added Pin To Net: NetName=12VC_GND Pin=C13-1
Added Pin To Net: NetName=12V_C Pin=C13-2
Added Pin To Net: NetName=GND_P Pin=C15-1
Added Pin To Net: NetName=GND_P Pin=C16-1
Added Pin To Net: NetName=V_AUX Pin=C18-1
Added Pin To Net: NetName=GND_P Pin=C18-2
Added Pin To Net: NetName=GND_P Pin=C19-1
Added Pin To Net: NetName=V_AUX Pin=C19-2
Added Pin To Net: NetName=GND_P Pin=C20-1
Added Pin To Net: NetName=V_AUX Pin=C20-2
Added Pin To Net: NetName=12V_A Pin=D1-1
Added Pin To Net: NetName=VTR_12VA Pin=D1-2
Added Pin To Net: NetName=12V_A Pin=D2-1
Added Pin To Net: NetName=12VA_GND Pin=D2-2
Added Pin To Net: NetName=V_BUS Pin=D3-1
Added Pin To Net: NetName=GND_P Pin=D3-2
Added Pin To Net: NetName=12V_B Pin=D4-1
Added Pin To Net: NetName=VTR_12VB Pin=D4-2
Added Pin To Net: NetName=12V_B Pin=D5-1
Added Pin To Net: NetName=12VB_GND Pin=D5-2
Added Pin To Net: NetName=12V_C Pin=D7-1
Added Pin To Net: NetName=VTR_12VC Pin=D7-2
Added Pin To Net: NetName=12V_C Pin=D8-1
Added Pin To Net: NetName=12VC_GND Pin=D8-2
Added Pin To Net: NetName=12V_AUX_TR Pin=D9-1
Added Pin To Net: NetName=V_AUX Pin=D10-1
Added Pin To Net: NetName=GND_P Pin=D10-2
Added Pin To Net: NetName=12V_A Pin=J2-1
Added Pin To Net: NetName=12VA_GND Pin=J2-2
Added Pin To Net: NetName=12V_B Pin=J4-1
Added Pin To Net: NetName=12VB_GND Pin=J4-2
Added Pin To Net: NetName=GND Pin=J5-1
Added Pin To Net: NetName=GND Pin=J5-1
Added Pin To Net: NetName=12V_C Pin=J6-1
Added Pin To Net: NetName=12VC_GND Pin=J6-2
Added Pin To Net: NetName=GND Pin=M1-0
Added Pin To Net: NetName=GND Pin=M2-0
Added Pin To Net: NetName=GND Pin=M3-0
Added Pin To Net: NetName=GND Pin=M4-0
Added Pin To Net: NetName=GND Pin=R1-1
Added Pin To Net: NetName=V_BUS Pin=R3-2
Added Pin To Net: NetName=GND Pin=R4-2
Added Pin To Net: NetName=12V_A Pin=R6-2
Added Pin To Net: NetName=12V_A Pin=R7-2
Added Pin To Net: NetName=12V_A Pin=R8-2
Added Pin To Net: NetName=12V_AUX_TR Pin=R9-2
Added Pin To Net: NetName=GND_P Pin=R11-1
Added Pin To Net: NetName=V_AUX Pin=R13-1
Added Pin To Net: NetName=GND_P Pin=R15-1
Added Pin To Net: NetName=GND_P Pin=R16-1
Added Pin To Net: NetName=GND_P Pin=R17-1
Added Pin To Net: NetName=12VA_GND Pin=R18-1
Added Pin To Net: NetName=V_BUS Pin=T1-1
Added Pin To Net: NetName=12V_AUX_TR Pin=T1-3
Added Pin To Net: NetName=GND_P Pin=T1-4
Added Pin To Net: NetName=12VC_GND Pin=T1-5
Added Pin To Net: NetName=VTR_12VC Pin=T1-6
Added Pin To Net: NetName=12VB_GND Pin=T1-7
Added Pin To Net: NetName=VTR_12VB Pin=T1-8
Added Pin To Net: NetName=12VA_GND Pin=T1-9
Added Pin To Net: NetName=VTR_12VA Pin=T1-10
Added Pin To Net: NetName=12V_A Pin=TP1-1
Added Pin To Net: NetName=12VA_GND Pin=TP2-1
Added Pin To Net: NetName=12V_B Pin=TP3-1
Added Pin To Net: NetName=12VB_GND Pin=TP4-1
Added Pin To Net: NetName=GND_P Pin=TP5-1
Added Pin To Net: NetName=12V_C Pin=TP6-1
Added Pin To Net: NetName=GND_P Pin=TP7-1
Added Pin To Net: NetName=12V_AUX_TR Pin=TP7-2
Added Pin To Net: NetName=12VC_GND Pin=TP8-1
Added Pin To Net: NetName=V_AUX Pin=TP11-1
Added Pin To Net: NetName=V_AUX Pin=TP12-1
Added Pin To Net: NetName=GND_P Pin=TP13-1
Added Pin To Net: NetName=GND_P Pin=TP14-1
Added Pin To Net: NetName=V_AUX Pin=TP14-2
Added Pin To Net: NetName=GND_P Pin=TP15-1
Added Pin To Net: NetName=V_AUX Pin=U1-11
Added Pin To Net: NetName=GND_P Pin=U1-12
Added Pin To Net: NetName=GND_P Pin=U2-3
Added Pin To Net: NetName=12VA_GND Pin=U3-3
Added Pin To Net: NetName=NetC3_2 Pin=C3-2
Added Pin To Net: NetName=NetC3_2 Pin=C7-2
Added Pin To Net: NetName=NetC3_2 Pin=R1-2
Added Pin To Net: NetName=NetC3_2 Pin=R2-2
Added Net: Name=NetC3_2
Added Pin To Net: NetName=NetC7_1 Pin=C7-1
Added Pin To Net: NetName=NetC7_1 Pin=C9-1
Added Pin To Net: NetName=NetC7_1 Pin=CM1-3
Added Pin To Net: NetName=NetC7_1 Pin=J3-1
Added Pin To Net: NetName=NetC7_1 Pin=J3-1
Added Pin To Net: NetName=NetC7_1 Pin=R2-1
Added Pin To Net: NetName=NetC7_1 Pin=R4-1
Added Net: Name=NetC7_1
Added Pin To Net: NetName=NetC8_1 Pin=C8-1
Added Pin To Net: NetName=NetC8_1 Pin=R3-1
Added Pin To Net: NetName=NetC8_1 Pin=R5-2
Added Net: Name=NetC8_1
Added Pin To Net: NetName=NetC14_1 Pin=C14-1
Added Pin To Net: NetName=NetC14_1 Pin=R8-1
Added Pin To Net: NetName=NetC14_1 Pin=R14-2
Added Pin To Net: NetName=NetC14_1 Pin=U2-2
Added Pin To Net: NetName=NetC14_1 Pin=U3-1
Added Net: Name=NetC14_1
Added Pin To Net: NetName=NetC14_2 Pin=C14-2
Added Pin To Net: NetName=NetC14_2 Pin=C17-1
Added Pin To Net: NetName=NetC14_2 Pin=R12-1
Added Pin To Net: NetName=NetC14_2 Pin=R18-2
Added Pin To Net: NetName=NetC14_2 Pin=U3-2
Added Net: Name=NetC14_2
Added Pin To Net: NetName=NetC15_2 Pin=C15-2
Added Pin To Net: NetName=NetC15_2 Pin=R9-1
Added Pin To Net: NetName=NetC15_2 Pin=R11-2
Added Pin To Net: NetName=NetC15_2 Pin=U1-1
Added Net: Name=NetC15_2
Added Pin To Net: NetName=NetC16_2 Pin=C16-2
Added Pin To Net: NetName=NetC16_2 Pin=U1-2
Added Pin To Net: NetName=NetC16_2 Pin=U2-4
Added Net: Name=NetC16_2
Added Pin To Net: NetName=NetC17_2 Pin=C17-2
Added Pin To Net: NetName=NetC17_2 Pin=R14-1
Added Net: Name=NetC17_2
Added Pin To Net: NetName=NetCM1_2 Pin=CM1-2
Added Pin To Net: NetName=NetCM1_2 Pin=D3-3
Added Net: Name=NetCM1_2
Added Pin To Net: NetName=NetCM1_4 Pin=CM1-4
Added Pin To Net: NetName=NetCM1_4 Pin=D3-4
Added Net: Name=NetCM1_4
Added Pin To Net: NetName=NetD6_1 Pin=D6-1
Added Pin To Net: NetName=NetD6_1 Pin=T1-2
Added Pin To Net: NetName=NetD6_1 Pin=TP5-2
Added Pin To Net: NetName=NetD6_1 Pin=U1-5
Added Pin To Net: NetName=NetD6_1 Pin=U1-6
Added Pin To Net: NetName=NetD6_1 Pin=U1-7
Added Pin To Net: NetName=NetD6_1 Pin=U1-8
Added Net: Name=NetD6_1
Added Pin To Net: NetName=NetD6_2 Pin=D6-2
Added Pin To Net: NetName=NetD6_2 Pin=R5-1
Added Net: Name=NetD6_2
Added Pin To Net: NetName=NetD9_3 Pin=D9-3
Added Pin To Net: NetName=NetD9_3 Pin=R13-2
Added Net: Name=NetD9_3
Added Pin To Net: NetName=NetF1_1 Pin=F1-1
Added Pin To Net: NetName=NetF1_1 Pin=J1-1
Added Pin To Net: NetName=NetF1_1 Pin=J1-1
Added Net: Name=NetF1_1
Added Pin To Net: NetName=NetR6_1 Pin=R6-1
Added Pin To Net: NetName=NetR6_1 Pin=R10-2
Added Pin To Net: NetName=NetR6_1 Pin=TP9-1
Added Net: Name=NetR6_1
Added Pin To Net: NetName=NetR7_1 Pin=R7-1
Added Pin To Net: NetName=NetR7_1 Pin=U2-1
Added Net: Name=NetR7_1
Added Pin To Net: NetName=NetR10_1 Pin=R10-1
Added Pin To Net: NetName=NetR10_1 Pin=R12-2
Added Pin To Net: NetName=NetR10_1 Pin=TP10-1
Added Net: Name=NetR10_1
Added Pin To Net: NetName=NetR15_2 Pin=R15-2
Added Pin To Net: NetName=NetR15_2 Pin=R16-2
Added Pin To Net: NetName=NetR15_2 Pin=R17-2
Added Pin To Net: NetName=NetR15_2 Pin=TP13-2
Added Pin To Net: NetName=NetR15_2 Pin=U1-4
Added Net: Name=NetR15_2
Added Member To Class: ClassName=Eload Aux Supply Module Rev 2 Member=Component C1 Nichicon UCW1V470MCL1GS
Added Member To Class: ClassName=Eload Aux Supply Module Rev 2 Member=Component C2 AVX 08053C225KAT2A
Added Member To Class: ClassName=Eload Aux Supply Module Rev 2 Member=Component C3 Cap
Added Member To Class: ClassName=Eload Aux Supply Module Rev 2 Member=Component C4 Cap,polar,through hole,12.5mm,56uf,250V,20%,UCY2E560MHD1TO
Added Member To Class: ClassName=Eload Aux Supply Module Rev 2 Member=Component C5 Cap,polar,through hole,12.5mm,56uf,250V,20%,UCY2E560MHD1TO
Added Member To Class: ClassName=Eload Aux Supply Module Rev 2 Member=Component C6 Cap
Added Member To Class: ClassName=Eload Aux Supply Module Rev 2 Member=Component C7 Cap
Added Member To Class: ClassName=Eload Aux Supply Module Rev 2 Member=Component C8 10nf
Added Member To Class: ClassName=Eload Aux Supply Module Rev 2 Member=Component C9 Cap
Added Member To Class: ClassName=Eload Aux Supply Module Rev 2 Member=Component C10 Nichicon UCW1V470MCL1GS
Added Member To Class: ClassName=Eload Aux Supply Module Rev 2 Member=Component C11 AVX 08053C225KAT2A
Added Member To Class: ClassName=Eload Aux Supply Module Rev 2 Member=Component C12 Nichicon UCW1V470MCL1GS
Added Member To Class: ClassName=Eload Aux Supply Module Rev 2 Member=Component C13 AVX 08053C225KAT2A
Added Member To Class: ClassName=Eload Aux Supply Module Rev 2 Member=Component C14 CC0805KRX7R9BB221
Added Member To Class: ClassName=Eload Aux Supply Module Rev 2 Member=Component C15 Kemet C0805X102J1GACAUTO
Added Member To Class: ClassName=Eload Aux Supply Module Rev 2 Member=Component C16 Kemet C0805X102J1GACAUTO
Added Member To Class: ClassName=Eload Aux Supply Module Rev 2 Member=Component C17 08055C104JAT2A
Added Member To Class: ClassName=Eload Aux Supply Module Rev 2 Member=Component C18 Nichicon UCW1V470MCL1GS
Added Member To Class: ClassName=Eload Aux Supply Module Rev 2 Member=Component C19 AVX 08053C225KAT2A
Added Member To Class: ClassName=Eload Aux Supply Module Rev 2 Member=Component C20 08055C104JAT2A
Added Member To Class: ClassName=Eload Aux Supply Module Rev 2 Member=Component CM1 KEMET SC-03-10G
Added Member To Class: ClassName=Eload Aux Supply Module Rev 2 Member=Component D1 NRVTSA4100ET3G
Added Member To Class: ClassName=Eload Aux Supply Module Rev 2 Member=Component D2 MMSZ4705T1G
Added Member To Class: ClassName=Eload Aux Supply Module Rev 2 Member=Component D3 Diode,Bridge, micro-dip,1A,600V, MDB6S
Added Member To Class: ClassName=Eload Aux Supply Module Rev 2 Member=Component D4 NRVTSA4100ET3G
Added Member To Class: ClassName=Eload Aux Supply Module Rev 2 Member=Component D5 MMSZ4705T1G
Added Member To Class: ClassName=Eload Aux Supply Module Rev 2 Member=Component D6 Diodes Inc. S1J-13-F
Added Member To Class: ClassName=Eload Aux Supply Module Rev 2 Member=Component D7 NRVTSA4100ET3G
Added Member To Class: ClassName=Eload Aux Supply Module Rev 2 Member=Component D8 MMSZ4705T1G
Added Member To Class: ClassName=Eload Aux Supply Module Rev 2 Member=Component D9 Diode
Added Member To Class: ClassName=Eload Aux Supply Module Rev 2 Member=Component D10 MMSZ5250BT1G
Added Member To Class: ClassName=Eload Aux Supply Module Rev 2 Member=Component F1 Littelfuse 0461.500ER
Added Member To Class: ClassName=Eload Aux Supply Module Rev 2 Member=Component J1 Wire Terminal,Quick connect, through hole, Keystone 1287-ST
Added Member To Class: ClassName=Eload Aux Supply Module Rev 2 Member=Component J2 TE Connectivity 282836-2
Added Member To Class: ClassName=Eload Aux Supply Module Rev 2 Member=Component J3 Wire Terminal,Quick connect, through hole, Keystone 1287-ST
Added Member To Class: ClassName=Eload Aux Supply Module Rev 2 Member=Component J4 TE Connectivity 282836-2
Added Member To Class: ClassName=Eload Aux Supply Module Rev 2 Member=Component J5 Wire Terminal,Quick connect, through hole, Keystone 1287-ST
Added Member To Class: ClassName=Eload Aux Supply Module Rev 2 Member=Component J6 TE Connectivity 282836-2
Added Member To Class: ClassName=Eload Aux Supply Module Rev 2 Member=Component M1 M3 hex Standoff
Added Member To Class: ClassName=Eload Aux Supply Module Rev 2 Member=Component M2 M3 hex Standoff
Added Member To Class: ClassName=Eload Aux Supply Module Rev 2 Member=Component M3 M3 hex Standoff
Added Member To Class: ClassName=Eload Aux Supply Module Rev 2 Member=Component M4 M3 hex Standoff
Added Member To Class: ClassName=Eload Aux Supply Module Rev 2 Member=Component R1 MOV, though hole, 390V, 1.2kA, B72207S0251K101
Added Member To Class: ClassName=Eload Aux Supply Module Rev 2 Member=Component R2 MOV, though hole, 390V, 1.2kA, B72207S0251K101
Added Member To Class: ClassName=Eload Aux Supply Module Rev 2 Member=Component R3 Panasonic ERJ-14NF1003U
Added Member To Class: ClassName=Eload Aux Supply Module Rev 2 Member=Component R4 MOV, though hole, 390V, 1.2kA, B72207S0251K101
Added Member To Class: ClassName=Eload Aux Supply Module Rev 2 Member=Component R5 Bourns CRS2010-JX-100ELF
Added Member To Class: ClassName=Eload Aux Supply Module Rev 2 Member=Component R6 Vishay Dale CRCW08053K32FKEA
Added Member To Class: ClassName=Eload Aux Supply Module Rev 2 Member=Component R7 Vishay Dale CRCW0805681RFKEA
Added Member To Class: ClassName=Eload Aux Supply Module Rev 2 Member=Component R8 Vishay Dale CRCW08053K32FKEA
Added Member To Class: ClassName=Eload Aux Supply Module Rev 2 Member=Component R9 Res,0805,100kO,1%,100ppm,CRCW0805100KFKEA
Added Member To Class: ClassName=Eload Aux Supply Module Rev 2 Member=Component R10 Vishay Dale CRCW08050000Z0EAHP
Added Member To Class: ClassName=Eload Aux Supply Module Rev 2 Member=Component R11 Vishay / Dale CRCW080510K0FKTA
Added Member To Class: ClassName=Eload Aux Supply Module Rev 2 Member=Component R12 Vishay Dale CRCW080536K0FKEA
Added Member To Class: ClassName=Eload Aux Supply Module Rev 2 Member=Component R13 Vishay Dale CRCW08050000Z0EAHP
Added Member To Class: ClassName=Eload Aux Supply Module Rev 2 Member=Component R14 Vishay / Dale CRCW080510K0FKTA
Added Member To Class: ClassName=Eload Aux Supply Module Rev 2 Member=Component R15 RP73D2B10RBTG
Added Member To Class: ClassName=Eload Aux Supply Module Rev 2 Member=Component R16 RP73D2B10RBTG
Added Member To Class: ClassName=Eload Aux Supply Module Rev 2 Member=Component R17 RP73D2B10RBTG
Added Member To Class: ClassName=Eload Aux Supply Module Rev 2 Member=Component R18 Vishay / Dale CRCW080510K0FKTA
Added Member To Class: ClassName=Eload Aux Supply Module Rev 2 Member=Component T1 EE20 Transformer
Added Member To Class: ClassName=Eload Aux Supply Module Rev 2 Member=Component TP1 Keystone 5014
Added Member To Class: ClassName=Eload Aux Supply Module Rev 2 Member=Component TP2 Keystone 5014
Added Member To Class: ClassName=Eload Aux Supply Module Rev 2 Member=Component TP3 Keystone 5014
Added Member To Class: ClassName=Eload Aux Supply Module Rev 2 Member=Component TP4 Keystone 5014
Added Member To Class: ClassName=Eload Aux Supply Module Rev 2 Member=Component TP5 Scope Probe TP
Added Member To Class: ClassName=Eload Aux Supply Module Rev 2 Member=Component TP6 Keystone 5014
Added Member To Class: ClassName=Eload Aux Supply Module Rev 2 Member=Component TP7 Scope Probe TP
Added Member To Class: ClassName=Eload Aux Supply Module Rev 2 Member=Component TP8 Keystone 5014
Added Member To Class: ClassName=Eload Aux Supply Module Rev 2 Member=Component TP9 Keystone 5014
Added Member To Class: ClassName=Eload Aux Supply Module Rev 2 Member=Component TP10 Keystone 5014
Added Member To Class: ClassName=Eload Aux Supply Module Rev 2 Member=Component TP11 Keystone 5014
Added Member To Class: ClassName=Eload Aux Supply Module Rev 2 Member=Component TP12 Keystone 5014
Added Member To Class: ClassName=Eload Aux Supply Module Rev 2 Member=Component TP13 Scope Probe TP
Added Member To Class: ClassName=Eload Aux Supply Module Rev 2 Member=Component TP14 Scope Probe TP
Added Member To Class: ClassName=Eload Aux Supply Module Rev 2 Member=Component TP15 Keystone 5014
Added Member To Class: ClassName=Eload Aux Supply Module Rev 2 Member=Component U1 Infineon ICE2QR2280GXUMA1
Added Member To Class: ClassName=Eload Aux Supply Module Rev 2 Member=Component U2 opto,TCMT1109
Added Member To Class: ClassName=Eload Aux Supply Module Rev 2 Member=Component U3 Shunt Regulator,2.5Vdc TL431IDBZT
Added Member To Class: ClassName=Undefined Member=Wire NetC3_2
Added Member To Class: ClassName=Undefined Member=Wire NetC7_1
Added Member To Class: ClassName=HV_P Member=Wire NetC8_1
Added Member To Class: ClassName=V3_S Member=Wire NetC14_1
Added Member To Class: ClassName=V3_S Member=Wire NetC14_2
Added Member To Class: ClassName=LV_P Member=Wire NetC15_2
Added Member To Class: ClassName=LV_P Member=Wire NetC16_2
Added Member To Class: ClassName=HV_P Member=Wire NetD6_1
Added Member To Class: ClassName=HV_P Member=Wire NetD6_2
Added Member To Class: ClassName=LV_P Member=Wire NetD9_3
Added Member To Class: ClassName=Undefined Member=Wire NetF1_1
Added Member To Class: ClassName=V3_S Member=Wire NetR6_1
Added Member To Class: ClassName=V3_S Member=Wire NetR7_1
Added Member To Class: ClassName=V3_S Member=Wire NetR10_1
Added Member To Class: ClassName=LV_P Member=Wire NetR15_2
