Removed Pin From Net: NetName=12VC_GND Pin=C13-1
Removed Pin From Net: NetName=12V_C Pin=C13-2
Removed Pin From Net: NetName=NetC25_1 Pin=C14-1
Removed Pin From Net: NetName=NetC17_1 Pin=C14-2
Added Component: Designator=C18(CAP, 0805, HD)
Added Component: Designator=C25(CAP, 0805, HD)
Added Component: Designator=M1(Standoff,Hex,M3,8mm)
Added Component: Designator=M2(Standoff,Hex,M3,8mm)
Added Component: Designator=TP5(ScopeProbe_TP-Tektronix)
Added Component: Designator=TP7(ScopeProbe_TP-Tektronix)
Added Component: Designator=TP9(Test Point, Keystone 5014)
Added Component: Designator=TP10(Test Point, Keystone 5014)
Added Component: Designator=TP11(Test Point, Keystone 5014)
Added Component: Designator=TP12(Test Point, Keystone 5014)
Added Component: Designator=TP13(ScopeProbe_TP-Tektronix)
Added Component: Designator=TP14(ScopeProbe_TP-Tektronix)
Added Component: Designator=TP15(Test Point, Keystone 5014)
Added Pin To Net: NetName=12VB_GND Pin=C13-1
Added Pin To Net: NetName=12V_B Pin=C13-2
Added Pin To Net: NetName=12VA_GND Pin=C14-1
Added Pin To Net: NetName=12V_A Pin=C14-2
Added Pin To Net: NetName=12VC_GND Pin=C13-1
Added Pin To Net: NetName=12V_C Pin=C13-2
Added Pin To Net: NetName=NetC25_1 Pin=C14-1
Added Pin To Net: NetName=NetC17_1 Pin=C14-2
Added Pin To Net: NetName=EARTH Pin=M1-0
Added Pin To Net: NetName=EARTH Pin=M2-0
Added Pin To Net: NetName=GND_P Pin=TP5-1
Added Pin To Net: NetName=NetD6_1 Pin=TP5-2
Added Pin To Net: NetName=GND_P Pin=TP7-1
Added Pin To Net: NetName=12V_AUX_TR Pin=TP7-2
Added Pin To Net: NetName=NetR6_1 Pin=TP9-1
Added Pin To Net: NetName=NetR10_1 Pin=TP10-1
Added Pin To Net: NetName=V_AUX Pin=TP11-1
Added Pin To Net: NetName=V_AUX Pin=TP12-1
Added Pin To Net: NetName=GND_P Pin=TP13-1
Added Pin To Net: NetName=NetR15_2 Pin=TP13-2
Added Pin To Net: NetName=GND_P Pin=TP14-1
Added Pin To Net: NetName=V_AUX Pin=TP14-2
Added Pin To Net: NetName=GND_P Pin=TP15-1
Added Member To Class: ClassName=Eload Aux Supply Module Rev 2 Member=Component C18 AVX 08053C225KAT2A
Added Member To Class: ClassName=Eload Aux Supply Module Rev 2 Member=Component C25 CC0805KRX7R9BB221
Added Member To Class: ClassName=Eload Aux Supply Module Rev 2 Member=Component M1 M3 hex Standoff
Added Member To Class: ClassName=Eload Aux Supply Module Rev 2 Member=Component M2 M3 hex Standoff
Added Member To Class: ClassName=Eload Aux Supply Module Rev 2 Member=Component TP5 Scope Probe TP
Added Member To Class: ClassName=Eload Aux Supply Module Rev 2 Member=Component TP7 Scope Probe TP
Added Member To Class: ClassName=Eload Aux Supply Module Rev 2 Member=Component TP9 Keystone 5014
Added Member To Class: ClassName=Eload Aux Supply Module Rev 2 Member=Component TP10 Keystone 5014
Added Member To Class: ClassName=Eload Aux Supply Module Rev 2 Member=Component TP11 Keystone 5014
Added Member To Class: ClassName=Eload Aux Supply Module Rev 2 Member=Component TP12 Keystone 5014
Added Member To Class: ClassName=Eload Aux Supply Module Rev 2 Member=Component TP13 Scope Probe TP
Added Member To Class: ClassName=Eload Aux Supply Module Rev 2 Member=Component TP14 Scope Probe TP
Added Member To Class: ClassName=Eload Aux Supply Module Rev 2 Member=Component TP15 Keystone 5014
