Change Component Library : Designator=C12 Old Library=Master Oct28_2018.IntLib New Library=Master Oct28_2018.SchLib
Change Component Library : Designator=C14 Old Library=Master Oct28_2018.IntLib New Library=Master Oct28_2018.SchLib
Change Component Library : Designator=C15 Old Library=Master Oct28_2018.IntLib New Library=Master Oct28_2018.SchLib
Added Component: Designator=TP15(ScopeProbe_TP-Tektronix)
Added Component: Designator=TP16(ScopeProbe_TP-Tektronix)
Added Component: Designator=TP17(ScopeProbe_TP-Tektronix)
Added Component: Designator=TP18(ScopeProbe_TP-Tektronix)
Added Pin To Net: NetName=V_AUX Pin=C24-2
Added Pin To Net: NetName=12VA_GND Pin=TP15-1
Added Pin To Net: NetName=NetD2_2 Pin=TP15-2
Added Pin To Net: NetName=12VB_GND Pin=TP16-1
Added Pin To Net: NetName=NetD5_2 Pin=TP16-2
Added Pin To Net: NetName=GND_P Pin=TP17-1
Added Pin To Net: NetName=NetD7_1 Pin=TP17-2
Added Pin To Net: NetName=12VC_GND Pin=TP18-1
Added Pin To Net: NetName=NetD9_2 Pin=TP18-2
Added Member To Class: ClassName=Eload Aux Supply Module Rev 2 Member=Component TP15 Scope Probe TP
Added Member To Class: ClassName=Eload Aux Supply Module Rev 2 Member=Component TP16 Scope Probe TP
Added Member To Class: ClassName=Eload Aux Supply Module Rev 2 Member=Component TP17 Scope Probe TP
Added Member To Class: ClassName=Eload Aux Supply Module Rev 2 Member=Component TP18 Scope Probe TP
