Removed Pin From Net: NetName=EARTH Pin=M1-0
Removed Pin From Net: NetName=EARTH Pin=M2-0
Removed Pin From Net: NetName=EARTH Pin=M3-0
Removed Pin From Net: NetName=EARTH Pin=M4-0
Added Component: Designator=TP5(ScopeProbe_TP-Tektronix)
Added Component: Designator=TP7(ScopeProbe_TP-Tektronix)
Added Component: Designator=TP9(Test Point, Keystone 5014)
Added Component: Designator=TP10(Test Point, Keystone 5014)
Added Component: Designator=TP11(Test Point, Keystone 5014)
Added Component: Designator=TP12(Test Point, Keystone 5014)
Added Component: Designator=TP13(ScopeProbe_TP-Tektronix)
Added Component: Designator=TP14(ScopeProbe_TP-Tektronix)
Added Component: Designator=TP15(Test Point, Keystone 5014)
Added Pin To Net: NetName=GND_P Pin=TP5-1
Added Pin To Net: NetName=NetD6_1 Pin=TP5-2
Added Pin To Net: NetName=GND_P Pin=TP7-1
Added Pin To Net: NetName=12V_AUX_TR Pin=TP7-2
Added Pin To Net: NetName=NetR6_1 Pin=TP9-1
Added Pin To Net: NetName=NetR10_1 Pin=TP10-1
Added Pin To Net: NetName=V_AUX Pin=TP11-1
Added Pin To Net: NetName=V_AUX Pin=TP12-1
Added Pin To Net: NetName=GND_P Pin=TP13-1
Added Pin To Net: NetName=NetR15_2 Pin=TP13-2
Added Pin To Net: NetName=GND_P Pin=TP14-1
Added Pin To Net: NetName=V_AUX Pin=TP14-2
Added Pin To Net: NetName=GND_P Pin=TP15-1
Added Member To Class: ClassName=Eload Aux Supply Module Rev 2 Member=Component TP5 Scope Probe TP
Added Member To Class: ClassName=Eload Aux Supply Module Rev 2 Member=Component TP7 Scope Probe TP
Added Member To Class: ClassName=Eload Aux Supply Module Rev 2 Member=Component TP9 Keystone 5014
Added Member To Class: ClassName=Eload Aux Supply Module Rev 2 Member=Component TP10 Keystone 5014
Added Member To Class: ClassName=Eload Aux Supply Module Rev 2 Member=Component TP11 Keystone 5014
Added Member To Class: ClassName=Eload Aux Supply Module Rev 2 Member=Component TP12 Keystone 5014
Added Member To Class: ClassName=Eload Aux Supply Module Rev 2 Member=Component TP13 Scope Probe TP
Added Member To Class: ClassName=Eload Aux Supply Module Rev 2 Member=Component TP14 Scope Probe TP
Added Member To Class: ClassName=Eload Aux Supply Module Rev 2 Member=Component TP15 Keystone 5014
