Removed Pin From Net: NetName=12V_A Pin=C1-1
Removed Pin From Net: NetName=12VA_GND Pin=C1-2
Removed Pin From Net: NetName=12V_B Pin=C10-1
Removed Pin From Net: NetName=12VB_GND Pin=C10-2
Removed Pin From Net: NetName=12VC_GND Pin=C13-1
Removed Pin From Net: NetName=12V_C Pin=C13-2
Removed Pin From Net: NetName=NetC14_1 Pin=C14-1
Removed Pin From Net: NetName=NetC14_2 Pin=C14-2
Removed Pin From Net: NetName=V_AUX Pin=C18-1
Removed Pin From Net: NetName=GND_P Pin=C18-2
Removed Member From Class: ClassName=Secondary Member=NetC14_1
Removed Member From Class: ClassName=VA_S Member=NetC14_1
Removed Member From Class: ClassName=Secondary Member=NetC14_2
Removed Member From Class: ClassName=VA_S Member=NetC14_2
Change Component DesignItemId : Designator=C13 Old DesignItemId=Cap,0805,2.2uF,25V,±10% New DesignItemId=CAP,1206,10uF,25V,C3216X7R1E106K160AB
Change Component DesignItemId : Designator=C14 Old DesignItemId=Cap,0805,220pf,50V,5%,CC0805KRX7R9BB221 New DesignItemId=CAP,1206,10uF,25V,C3216X7R1E106K160AB
Change Component DesignItemId : Designator=C1 Old DesignItemId=Cap, Polar,SMD, 47uF,35V,UCW1V470MCL1GS New DesignItemId=CAP,1206,10uF,25V,C3216X7R1E106K160AB
Change Component Footprint: Designator=C13 Old Footprint=CAP, 0805, HD New Footprint=Cap, 1206
Change Component Footprint: Designator=C14 Old Footprint=CAP, 0805, HD New Footprint=Cap, 1206
Change Component Footprint: Designator=C1 Old Footprint=Cap, SMD, polerized, 5mm spacing New Footprint=Cap, 1206
Change Component Comment : Designator=C13 Old Comment=AVX 08053C225KAT2A New Comment=Cap
Change Component Comment : Designator=C14 Old Comment=CC0805KRX7R9BB221 New Comment=Cap
Change Component Comment : Designator=C1 Old Comment=Nichicon UCW1V470MCL1GS New Comment=Cap
Change Component Designator: OldDesignator=C22 NewDesignator=C10
Added Component: Designator=C18(CAP, 0805, HD)
Added Component: Designator=C22(Cap, 1206)
Added Component: Designator=C23(Cap, 1206)
Added Component: Designator=C24(Cap, 1206)
Added Component: Designator=C25(CAP, 0805, HD)
Added Component: Designator=C26(Cap, 1206)
Added Pin To Net: NetName=12VB_GND Pin=C1-1
Added Pin To Net: NetName=12V_B Pin=C1-2
Added Pin To Net: NetName=12VB_GND Pin=C13-1
Added Pin To Net: NetName=12V_B Pin=C13-2
Added Pin To Net: NetName=12VA_GND Pin=C14-1
Added Pin To Net: NetName=12V_A Pin=C14-2
Added Pin To Net: NetName=12VC_GND Pin=C13-1
Added Pin To Net: NetName=12V_C Pin=C13-2
Added Pin To Net: NetName=12VB_GND Pin=C22-1
Added Pin To Net: NetName=12V_B Pin=C22-2
Added Pin To Net: NetName=12VA_GND Pin=C23-1
Added Pin To Net: NetName=12V_A Pin=C23-2
Added Pin To Net: NetName=12VA_GND Pin=C24-1
Added Pin To Net: NetName=12V_A Pin=C24-2
Added Pin To Net: NetName=NetC14_1 Pin=C14-1
Added Pin To Net: NetName=NetC14_2 Pin=C14-2
Added Pin To Net: NetName=GND_P Pin=C26-1
Added Pin To Net: NetName=V_AUX Pin=C26-2
Change Net Name : Old Net Name=NetC14_1 New Net Name=NetC25_1
Change Net Name : Old Net Name=NetC14_2 New Net Name=NetC17_1
Added Member To Class: ClassName=Eload Aux Supply Module Rev 2 Member=Component C23 Cap
Added Member To Class: ClassName=Eload Aux Supply Module Rev 2 Member=Component C24 Cap
Added Member To Class: ClassName=Eload Aux Supply Module Rev 2 Member=Component C25 CC0805KRX7R9BB221
Added Member To Class: ClassName=Eload Aux Supply Module Rev 2 Member=Component C26 Cap
Added Member To Class: ClassName=Secondary Member=Wire NetC17_1
Added Member To Class: ClassName=VA_S Member=Wire NetC17_1
Added Member To Class: ClassName=Secondary Member=Wire NetC25_1
Added Member To Class: ClassName=VA_S Member=Wire NetC25_1
