Added Component: Designator=C1(Cap,7.5mm,RFI)
Added Component: Designator=C2(Cap, Rad, 5mmLead,12.5mmDia,Pin 2+)
Added Component: Designator=C3(Cap, Rad, 5mmLead,12.5mmDia,Pin 2+)
Added Component: Designator=C4(Cap, 5mm Lead Spaceing, 4mm dai)
Added Component: Designator=C5(Cap, Non-pol,12.5mm)
Added Component: Designator=C6(Cap,7.5mm,RFI)
Added Component: Designator=C7(Cap, SMD, polerized, 5mm spacing)
Added Component: Designator=C8(CAP, 0805, HD)
Added Component: Designator=C9(CAP, 0805, HD)
Added Component: Designator=C10(CAP, 0805, HD)
Added Component: Designator=C11(CAP, 0805, HD)
Added Component: Designator=C13(CAP, 0805, HD)
Added Component: Designator=C16(Cap, SMD, polerized, 5mm spacing)
Added Component: Designator=C17(CAP, 0805, HD)
Added Component: Designator=C18(CAP, 0805, HD)
Added Component: Designator=C19(CAP, 0805, HD)
Added Component: Designator=C20(CAP, 0805, HD)
Added Component: Designator=C21(CAP, 0805, HD)
Added Component: Designator=C24(CAP, 0805, HD)
Added Component: Designator=C25(Cap, SMD, polerized, 5mm spacing)
Added Component: Designator=C26(CAP, 0805, HD)
Added Component: Designator=CM1(Common mode,8mm,13mm)
Added Component: Designator=D1(Micro-DIP, 4-Leads)
Added Component: Designator=D3(DO-214AC, SMA)
Added Component: Designator=D7(SOT23-3)
Added Component: Designator=Earth(Quick connect terminal)
Added Component: Designator=F1(Fuse chip, SMD,9.4mm)
Added Component: Designator=F2(Fuse chip, SMD,9.4mm)
Added Component: Designator=L1(Inductor,1040, ASPIAIG-F1040-3R9M-T)
Added Component: Designator=Line(Quick connect terminal)
Added Component: Designator=M1(Standoff,Hex,M3,8mm)
Added Component: Designator=M2(Standoff,Hex,M3,8mm)
Added Component: Designator=M3(Standoff,Hex,M3,8mm)
Added Component: Designator=M4(Standoff,Hex,M3,8mm)
Added Component: Designator=Neutral(Quick connect terminal)
Added Component: Designator=R1(MOV, 5mm spacing)
Added Component: Designator=R2(MOV, 5mm spacing)
Added Component: Designator=R3(Res,1210)
Added Component: Designator=R4(MOV, 5mm spacing)
Added Component: Designator=R5(Resistor,2010,1W)
Added Component: Designator=R6(res, 0805, HD)
Added Component: Designator=R7(res, 0805, HD)
Added Component: Designator=R8(res, 0805, HD)
Added Component: Designator=R9(res, 0805, HD)
Added Component: Designator=R10(res, 0805, HD)
Added Component: Designator=R11(res, 0805, HD)
Added Component: Designator=R12(res, 0805, HD)
Added Component: Designator=R13(res, 0805, HD)
Added Component: Designator=R14(res, 0805, HD)
Added Component: Designator=R15(res, 0805, HD)
Added Component: Designator=R16(res, 0805, HD)
Added Component: Designator=R17(res, 0805, HD)
Added Component: Designator=R18(Res,1210)
Added Component: Designator=R19(Res,1210)
Added Component: Designator=R20(Res,1210)
Added Component: Designator=R21(res, 0805, HD)
Added Component: Designator=T1(Transformer EE20, 10 Pos)
Added Component: Designator=TP1(Test Point, Keystone 5014)
Added Component: Designator=TP2(ScopeProbe_TP-Tektronix)
Added Component: Designator=TP3(Test Point, Keystone 5014)
Added Component: Designator=TP4(Test Point, Keystone 5014)
Added Component: Designator=TP5(Test Point, Keystone 5014)
Added Component: Designator=TP6(Test Point, Keystone 5014)
Added Component: Designator=TP7(Test Point, Keystone 5014)
Added Component: Designator=TP8(Test Point, Keystone 5014)
Added Component: Designator=TP9(Test Point, Keystone 5014)
Added Component: Designator=TP10(ScopeProbe_TP-Tektronix)
Added Component: Designator=TP11(Test Point, Keystone 5014)
Added Component: Designator=TP12(ScopeProbe_TP-Tektronix)
Added Component: Designator=TP13(Test Point, Keystone 5014)
Added Component: Designator=TP14(Test Point, Keystone 5014)
Added Component: Designator=U1(SOIC-8 PowerPad(pin4))
Added Component: Designator=U2(SSOP, 4-Leads)
Added Component: Designator=U10(SOT23-3)
Added Pin To Net: NetName=5V_A Pin=C9-1
Added Pin To Net: NetName=5V_A Pin=C10-1
Added Pin To Net: NetName=5V_A Pin=C11-2
Added Pin To Net: NetName=5V_A Pin=L1-2
Added Pin To Net: NetName=5V_A Pin=R6-2
Added Net: Name=5V_A
Added Pin To Net: NetName=12V_A Pin=C7-1
Added Pin To Net: NetName=12V_A Pin=C8-2
Added Pin To Net: NetName=12V_A Pin=R9-2
Added Pin To Net: NetName=12V_A Pin=R10-2
Added Pin To Net: NetName=12V_A Pin=R11-2
Added Pin To Net: NetName=12V_A Pin=TP1-1
Added Pin To Net: NetName=12V_A Pin=U1-2
Added Pin To Net: NetName=12V_A Pin=U1-7
Added Net: Name=12V_A
Added Pin To Net: NetName=12V_B Pin=C16-1
Added Pin To Net: NetName=12V_B Pin=C17-2
Added Pin To Net: NetName=12V_B Pin=TP4-1
Added Net: Name=12V_B
Added Pin To Net: NetName=12V_C Pin=C25-1
Added Pin To Net: NetName=12V_C Pin=C26-2
Added Pin To Net: NetName=12V_C Pin=TP11-1
Added Net: Name=12V_C
Added Pin To Net: NetName=12VA_GND Pin=C7-2
Added Pin To Net: NetName=12VA_GND Pin=C8-1
Added Pin To Net: NetName=12VA_GND Pin=C9-2
Added Pin To Net: NetName=12VA_GND Pin=C10-2
Added Pin To Net: NetName=12VA_GND Pin=C11-1
Added Pin To Net: NetName=12VA_GND Pin=C13-1
Added Pin To Net: NetName=12VA_GND Pin=R8-2
Added Pin To Net: NetName=12VA_GND Pin=R21-1
Added Pin To Net: NetName=12VA_GND Pin=T1-9
Added Pin To Net: NetName=12VA_GND Pin=TP3-1
Added Pin To Net: NetName=12VA_GND Pin=U1-4
Added Pin To Net: NetName=12VA_GND Pin=U1-9
Added Pin To Net: NetName=12VA_GND Pin=U10-3
Added Net: Name=12VA_GND
Added Pin To Net: NetName=12VB_GND Pin=C16-2
Added Pin To Net: NetName=12VB_GND Pin=C17-1
Added Pin To Net: NetName=12VB_GND Pin=T1-7
Added Pin To Net: NetName=12VB_GND Pin=TP8-1
Added Net: Name=12VB_GND
Added Pin To Net: NetName=12VC_GND Pin=C25-2
Added Pin To Net: NetName=12VC_GND Pin=C26-1
Added Pin To Net: NetName=12VC_GND Pin=T1-5
Added Pin To Net: NetName=12VC_GND Pin=TP14-1
Added Net: Name=12VC_GND
Added Net: Name=15V_A
Added Net: Name=15V_B
Added Net: Name=15V_C
Added Net: Name=15VA_GND
Added Net: Name=15VB_GND
Added Net: Name=15VC_GND
Added Pin To Net: NetName=GND_P Pin=C2-1
Added Pin To Net: NetName=GND_P Pin=C3-1
Added Pin To Net: NetName=GND_P Pin=C19-1
Added Pin To Net: NetName=GND_P Pin=C20-1
Added Pin To Net: NetName=GND_P Pin=C24-1
Added Pin To Net: NetName=GND_P Pin=D1-2
Added Pin To Net: NetName=GND_P Pin=R14-1
Added Pin To Net: NetName=GND_P Pin=R18-1
Added Pin To Net: NetName=GND_P Pin=R19-1
Added Pin To Net: NetName=GND_P Pin=R20-1
Added Pin To Net: NetName=GND_P Pin=T1-4
Added Pin To Net: NetName=GND_P Pin=TP2-1
Added Pin To Net: NetName=GND_P Pin=TP10-1
Added Pin To Net: NetName=GND_P Pin=TP12-1
Added Pin To Net: NetName=GND_P Pin=TP13-1
Added Pin To Net: NetName=GND_P Pin=U2-3
Added Net: Name=GND_P
Added Pin To Net: NetName=GND Pin=C1-1
Added Pin To Net: NetName=GND Pin=C6-2
Added Pin To Net: NetName=GND Pin=Earth-1
Added Pin To Net: NetName=GND Pin=Earth-1
Added Pin To Net: NetName=GND Pin=M1-0
Added Pin To Net: NetName=GND Pin=M2-0
Added Pin To Net: NetName=GND Pin=M3-0
Added Pin To Net: NetName=GND Pin=M4-0
Added Pin To Net: NetName=GND Pin=R1-1
Added Pin To Net: NetName=GND Pin=R4-2
Added Net: Name=GND
Added Pin To Net: NetName=NetC1_2 Pin=C1-2
Added Pin To Net: NetName=NetC1_2 Pin=C5-2
Added Pin To Net: NetName=NetC1_2 Pin=CM1-1
Added Pin To Net: NetName=NetC1_2 Pin=F1-2
Added Pin To Net: NetName=NetC1_2 Pin=R1-2
Added Pin To Net: NetName=NetC1_2 Pin=R2-2
Added Net: Name=NetC1_2
Added Pin To Net: NetName=NetC4_1 Pin=C4-1
Added Pin To Net: NetName=NetC4_1 Pin=R3-1
Added Pin To Net: NetName=NetC4_1 Pin=R5-2
Added Net: Name=NetC4_1
Added Pin To Net: NetName=NetC5_1 Pin=C5-1
Added Pin To Net: NetName=NetC5_1 Pin=C6-1
Added Pin To Net: NetName=NetC5_1 Pin=CM1-3
Added Pin To Net: NetName=NetC5_1 Pin=F2-2
Added Pin To Net: NetName=NetC5_1 Pin=R2-1
Added Pin To Net: NetName=NetC5_1 Pin=R4-1
Added Net: Name=NetC5_1
Added Pin To Net: NetName=NetC13_2 Pin=C13-2
Added Pin To Net: NetName=NetC13_2 Pin=U1-6
Added Net: Name=NetC13_2
Added Pin To Net: NetName=NetC14_1 Pin=U1-8
Added Net: Name=NetC14_1
Added Pin To Net: NetName=NetC15_1 Pin=U1-1
Added Net: Name=NetC15_1
Added Pin To Net: NetName=NetC15_2 Pin=L1-1
Added Pin To Net: NetName=NetC15_2 Pin=U1-3
Added Net: Name=NetC15_2
Added Pin To Net: NetName=NetC18_1 Pin=C18-1
Added Pin To Net: NetName=NetC18_1 Pin=R11-1
Added Pin To Net: NetName=NetC18_1 Pin=R17-2
Added Pin To Net: NetName=NetC18_1 Pin=U2-2
Added Pin To Net: NetName=NetC18_1 Pin=U10-1
Added Net: Name=NetC18_1
Added Pin To Net: NetName=NetC18_2 Pin=C18-2
Added Pin To Net: NetName=NetC18_2 Pin=C21-1
Added Pin To Net: NetName=NetC18_2 Pin=R15-1
Added Pin To Net: NetName=NetC18_2 Pin=R21-2
Added Pin To Net: NetName=NetC18_2 Pin=U10-2
Added Net: Name=NetC18_2
Added Pin To Net: NetName=NetC19_2 Pin=C19-2
Added Pin To Net: NetName=NetC19_2 Pin=R12-1
Added Pin To Net: NetName=NetC19_2 Pin=R14-2
Added Net: Name=NetC19_2
Added Pin To Net: NetName=NetC20_2 Pin=C20-2
Added Pin To Net: NetName=NetC20_2 Pin=U2-4
Added Net: Name=NetC20_2
Added Pin To Net: NetName=NetCM1_2 Pin=CM1-2
Added Pin To Net: NetName=NetCM1_2 Pin=D1-3
Added Net: Name=NetCM1_2
Added Pin To Net: NetName=NetCM1_4 Pin=CM1-4
Added Pin To Net: NetName=NetCM1_4 Pin=D1-4
Added Net: Name=NetCM1_4
Added Pin To Net: NetName=NetD2_2 Pin=T1-10
Added Net: Name=NetD2_2
Added Pin To Net: NetName=NetD3_1 Pin=D3-1
Added Pin To Net: NetName=NetD3_1 Pin=T1-2
Added Pin To Net: NetName=NetD3_1 Pin=TP2-2
Added Net: Name=NetD3_1
Added Pin To Net: NetName=NetD3_2 Pin=D3-2
Added Pin To Net: NetName=NetD3_2 Pin=R5-1
Added Net: Name=NetD3_2
Added Pin To Net: NetName=NetD5_2 Pin=T1-8
Added Net: Name=NetD5_2
Added Pin To Net: NetName=NetD7_1 Pin=D7-1
Added Pin To Net: NetName=NetD7_1 Pin=R12-2
Added Pin To Net: NetName=NetD7_1 Pin=T1-3
Added Net: Name=NetD7_1
Added Pin To Net: NetName=NetD7_3 Pin=D7-3
Added Pin To Net: NetName=NetD7_3 Pin=R16-2
Added Net: Name=NetD7_3
Added Pin To Net: NetName=NetD9_2 Pin=T1-6
Added Net: Name=NetD9_2
Added Pin To Net: NetName=NetF1_1 Pin=F1-1
Added Pin To Net: NetName=NetF1_1 Pin=Line-1
Added Pin To Net: NetName=NetF1_1 Pin=Line-1
Added Net: Name=NetF1_1
Added Pin To Net: NetName=NetF2_1 Pin=F2-1
Added Pin To Net: NetName=NetF2_1 Pin=Neutral-1
Added Pin To Net: NetName=NetF2_1 Pin=Neutral-1
Added Net: Name=NetF2_1
Added Pin To Net: NetName=NetR6_1 Pin=R6-1
Added Pin To Net: NetName=NetR6_1 Pin=R7-1
Added Pin To Net: NetName=NetR6_1 Pin=U1-5
Added Net: Name=NetR6_1
Added Pin To Net: NetName=NetR7_2 Pin=R7-2
Added Pin To Net: NetName=NetR7_2 Pin=R8-1
Added Net: Name=NetR7_2
Added Pin To Net: NetName=NetR9_1 Pin=R9-1
Added Pin To Net: NetName=NetR9_1 Pin=R13-2
Added Pin To Net: NetName=NetR9_1 Pin=TP5-1
Added Net: Name=NetR9_1
Added Pin To Net: NetName=NetR10_1 Pin=R10-1
Added Pin To Net: NetName=NetR10_1 Pin=U2-1
Added Net: Name=NetR10_1
Added Pin To Net: NetName=NetR13_1 Pin=R13-1
Added Pin To Net: NetName=NetR13_1 Pin=R15-2
Added Pin To Net: NetName=NetR13_1 Pin=TP6-1
Added Net: Name=NetR13_1
Added Pin To Net: NetName=NetR18_2 Pin=R18-2
Added Pin To Net: NetName=NetR18_2 Pin=R19-2
Added Pin To Net: NetName=NetR18_2 Pin=R20-2
Added Pin To Net: NetName=NetR18_2 Pin=TP10-2
Added Net: Name=NetR18_2
Added Pin To Net: NetName=V_AUX Pin=R16-1
Added Pin To Net: NetName=V_AUX Pin=TP7-1
Added Pin To Net: NetName=V_AUX Pin=TP9-1
Added Pin To Net: NetName=V_AUX Pin=TP12-2
Added Net: Name=V_AUX
Added Pin To Net: NetName=V_BUS Pin=C2-2
Added Pin To Net: NetName=V_BUS Pin=C3-2
Added Pin To Net: NetName=V_BUS Pin=C4-2
Added Pin To Net: NetName=V_BUS Pin=D1-1
Added Pin To Net: NetName=V_BUS Pin=R3-2
Added Pin To Net: NetName=V_BUS Pin=T1-1
Added Net: Name=V_BUS
Added Class: Name=Eload Aux Supply Module Rev 2
Added Class: Name=HV_P
Added Class: Name=LV_P
Added Class: Name=V3_S
